This is pdfTeX, Version 3.1415926-2.3-1.40.12 (MiKTeX 2.9) (preloaded format=pdflatex 2018.1.29)  8 MAY 2018 11:14
entering extended mode
**C:/Projects/PhD/Courses/SystemIdentification-SSY230/Projects/repo/SystemIdent
ification/Project2/LatexCode/document.tex

(C:/Projects/PhD/Courses/SystemIdentification-SSY230/Projects/repo/SystemIdenti
fication/Project2/LatexCode/document.tex
LaTeX2e <2011/06/27>
Babel <v3.8m> and hyphenation patterns for english, afrikaans, ancientgreek, ar
abic, armenian, assamese, basque, bengali, bokmal, bulgarian, catalan, coptic, 
croatian, czech, danish, dutch, esperanto, estonian, farsi, finnish, french, ga
lician, german, german-x-2009-06-19, greek, gujarati, hindi, hungarian, iceland
ic, indonesian, interlingua, irish, italian, kannada, kurmanji, lao, latin, lat
vian, lithuanian, malayalam, marathi, mongolian, mongolianlmc, monogreek, ngerm
an, ngerman-x-2009-06-19, nynorsk, oriya, panjabi, pinyin, polish, portuguese, 
romanian, russian, sanskrit, serbian, slovak, slovenian, spanish, swedish, swis
sgerman, tamil, telugu, turkish, turkmen, ukenglish, ukrainian, uppersorbian, u
senglishmax, welsh, loaded.
("C:\Program Files (x86)\MiKTeX 2.9\tex\latex\base\article.cls"
Document Class: article 2007/10/19 v1.4h Standard LaTeX document class
("C:\Program Files (x86)\MiKTeX 2.9\tex\latex\base\size10.clo"
File: size10.clo 2007/10/19 v1.4h Standard LaTeX file (size option)
)
\c@part=\count79
\c@section=\count80
\c@subsection=\count81
\c@subsubsection=\count82
\c@paragraph=\count83
\c@subparagraph=\count84
\c@figure=\count85
\c@table=\count86
\abovecaptionskip=\skip41
\belowcaptionskip=\skip42
\bibindent=\dimen102
)
("C:\Program Files (x86)\MiKTeX 2.9\tex\latex\geometry\geometry.sty"
Package: geometry 2010/09/12 v5.6 Page Geometry

("C:\Program Files (x86)\MiKTeX 2.9\tex\latex\graphics\keyval.sty"
Package: keyval 1999/03/16 v1.13 key=value parser (DPC)
\KV@toks@=\toks14
)
("C:\Program Files (x86)\MiKTeX 2.9\tex\generic\oberdiek\ifpdf.sty"
Package: ifpdf 2011/01/30 v2.3 Provides the ifpdf switch (HO)
Package ifpdf Info: pdfTeX in PDF mode is detected.
)
("C:\Program Files (x86)\MiKTeX 2.9\tex\generic\oberdiek\ifvtex.sty"
Package: ifvtex 2010/03/01 v1.5 Switches for detecting VTeX and its modes (HO)
Package ifvtex Info: VTeX not detected.
)
("C:\Program Files (x86)\MiKTeX 2.9\tex\generic\ifxetex\ifxetex.sty"
Package: ifxetex 2010/09/12 v0.6 Provides ifxetex conditional
)
\Gm@cnth=\count87
\Gm@cntv=\count88
\c@Gm@tempcnt=\count89
\Gm@bindingoffset=\dimen103
\Gm@wd@mp=\dimen104
\Gm@odd@mp=\dimen105
\Gm@even@mp=\dimen106
\Gm@layoutwidth=\dimen107
\Gm@layoutheight=\dimen108
\Gm@layouthoffset=\dimen109
\Gm@layoutvoffset=\dimen110
\Gm@dimlist=\toks15

("C:\Program Files (x86)\MiKTeX 2.9\tex\latex\geometry\geometry.cfg"))
("C:\Program Files (x86)\MiKTeX 2.9\tex\latex\hyperref\hyperref.sty"
Package: hyperref 2011/12/04 v6.82m Hypertext links for LaTeX

("C:\Program Files (x86)\MiKTeX 2.9\tex\generic\oberdiek\hobsub-hyperref.sty"
Package: hobsub-hyperref 2011/04/23 v1.4 Bundle oberdiek, subset hyperref (HO)

("C:\Program Files (x86)\MiKTeX 2.9\tex\generic\oberdiek\hobsub-generic.sty"
Package: hobsub-generic 2011/04/23 v1.4 Bundle oberdiek, subset generic (HO)
Package: hobsub 2011/04/23 v1.4 Subsetting bundle oberdiek (HO)
Package: infwarerr 2010/04/08 v1.3 Providing info/warning/message (HO)
Package: ltxcmds 2011/04/18 v1.20 LaTeX kernel commands for general use (HO)
Package: ifluatex 2010/03/01 v1.3 Provides the ifluatex switch (HO)
Package ifluatex Info: LuaTeX not detected.
Package hobsub Info: Skipping package `ifvtex' (already loaded).
Package: intcalc 2007/09/27 v1.1 Expandable integer calculations (HO)
Package hobsub Info: Skipping package `ifpdf' (already loaded).
Package: etexcmds 2011/02/16 v1.5 Prefix for e-TeX command names (HO)
Package etexcmds Info: Could not find \expanded.
(etexcmds)             That can mean that you are not using pdfTeX 1.50 or
(etexcmds)             that some package has redefined \expanded.
(etexcmds)             In the latter case, load this package earlier.
Package: kvsetkeys 2011/04/07 v1.13 Key value parser (HO)
Package: kvdefinekeys 2011/04/07 v1.3 Defining keys (HO)
Package: pdftexcmds 2011/04/22 v0.16 Utilities of pdfTeX for LuaTeX (HO)
Package pdftexcmds Info: LuaTeX not detected.
Package pdftexcmds Info: \pdf@primitive is available.
Package pdftexcmds Info: \pdf@ifprimitive is available.
Package pdftexcmds Info: \pdfdraftmode found.
Package: pdfescape 2011/04/04 v1.12 Provides string conversions (HO)
Package: bigintcalc 2011/01/30 v1.2 Expandable big integer calculations (HO)
Package: bitset 2011/01/30 v1.1 Data type bit set (HO)
Package: uniquecounter 2011/01/30 v1.2 Provides unlimited unique counter (HO)
)
Package hobsub Info: Skipping package `hobsub' (already loaded).
Package: letltxmacro 2010/09/02 v1.4 Let assignment for LaTeX macros (HO)
Package: hopatch 2011/01/30 v1.0 Wrapper for package hooks (HO)
Package: xcolor-patch 2011/01/30 xcolor patch
Package: atveryend 2011/04/23 v1.7 Hooks at very end of document (HO)
Package: atbegshi 2011/01/30 v1.15 At begin shipout hook (HO)
Package: refcount 2010/12/01 v3.2 Data extraction from references (HO)
Package: hycolor 2011/01/30 v1.7 Color options of hyperref/bookmark (HO)
)
("C:\Program Files (x86)\MiKTeX 2.9\tex\latex\oberdiek\kvoptions.sty"
Package: kvoptions 2010/12/23 v3.10 Keyval support for LaTeX options (HO)
)
\@linkdim=\dimen111
\Hy@linkcounter=\count90
\Hy@pagecounter=\count91

("C:\Program Files (x86)\MiKTeX 2.9\tex\latex\hyperref\pd1enc.def"
File: pd1enc.def 2011/12/04 v6.82m Hyperref: PDFDocEncoding definition (HO)
)
\Hy@SavedSpaceFactor=\count92

("C:\Program Files (x86)\MiKTeX 2.9\tex\latex\00miktex\hyperref.cfg"
File: hyperref.cfg 2002/06/06 v1.2 hyperref configuration of TeXLive
)
Package hyperref Info: Hyper figures OFF on input line 4046.
Package hyperref Info: Link nesting OFF on input line 4051.
Package hyperref Info: Hyper index ON on input line 4054.
Package hyperref Info: Plain pages OFF on input line 4061.
Package hyperref Info: Backreferencing OFF on input line 4066.
Package hyperref Info: Implicit mode ON; LaTeX internals redefined.
Package hyperref Info: Bookmarks ON on input line 4284.
\c@Hy@tempcnt=\count93

("C:\Program Files (x86)\MiKTeX 2.9\tex\latex\ltxmisc\url.sty"
\Urlmuskip=\muskip10
Package: url 2006/04/12  ver 3.3  Verb mode for urls, etc.
)
LaTeX Info: Redefining \url on input line 4637.
\Fld@menulength=\count94
\Field@Width=\dimen112
\Fld@charsize=\dimen113
Package hyperref Info: Hyper figures OFF on input line 5757.
Package hyperref Info: Link nesting OFF on input line 5762.
Package hyperref Info: Hyper index ON on input line 5765.
Package hyperref Info: backreferencing OFF on input line 5772.
Package hyperref Info: Link coloring OFF on input line 5777.
Package hyperref Info: Link coloring with OCG OFF on input line 5782.
Package hyperref Info: PDF/A mode OFF on input line 5787.
LaTeX Info: Redefining \ref on input line 5827.
LaTeX Info: Redefining \pageref on input line 5831.
\Hy@abspage=\count95
\c@Item=\count96
\c@Hfootnote=\count97
)

Package hyperref Message: Driver (autodetected): hpdftex.

("C:\Program Files (x86)\MiKTeX 2.9\tex\latex\hyperref\hpdftex.def"
File: hpdftex.def 2011/12/04 v6.82m Hyperref driver for pdfTeX
\Fld@listcount=\count98
\c@bookmark@seq@number=\count99

("C:\Program Files (x86)\MiKTeX 2.9\tex\latex\oberdiek\rerunfilecheck.sty"
Package: rerunfilecheck 2011/04/15 v1.7 Rerun checks for auxiliary files (HO)
Package uniquecounter Info: New unique counter `rerunfilecheck' on input line 2
82.
)
\Hy@SectionHShift=\skip43
)
("C:\Program Files (x86)\MiKTeX 2.9\tex\latex\ams\math\amsmath.sty"
Package: amsmath 2000/07/18 v2.13 AMS math features
\@mathmargin=\skip44

For additional information on amsmath, use the `?' option.
("C:\Program Files (x86)\MiKTeX 2.9\tex\latex\ams\math\amstext.sty"
Package: amstext 2000/06/29 v2.01

("C:\Program Files (x86)\MiKTeX 2.9\tex\latex\ams\math\amsgen.sty"
File: amsgen.sty 1999/11/30 v2.0
\@emptytoks=\toks16
\ex@=\dimen114
))
("C:\Program Files (x86)\MiKTeX 2.9\tex\latex\ams\math\amsbsy.sty"
Package: amsbsy 1999/11/29 v1.2d
\pmbraise@=\dimen115
)
("C:\Program Files (x86)\MiKTeX 2.9\tex\latex\ams\math\amsopn.sty"
Package: amsopn 1999/12/14 v2.01 operator names
)
\inf@bad=\count100
LaTeX Info: Redefining \frac on input line 211.
\uproot@=\count101
\leftroot@=\count102
LaTeX Info: Redefining \overline on input line 307.
\classnum@=\count103
\DOTSCASE@=\count104
LaTeX Info: Redefining \ldots on input line 379.
LaTeX Info: Redefining \dots on input line 382.
LaTeX Info: Redefining \cdots on input line 467.
\Mathstrutbox@=\box26
\strutbox@=\box27
\big@size=\dimen116
LaTeX Font Info:    Redeclaring font encoding OML on input line 567.
LaTeX Font Info:    Redeclaring font encoding OMS on input line 568.
\macc@depth=\count105
\c@MaxMatrixCols=\count106
\dotsspace@=\muskip11
\c@parentequation=\count107
\dspbrk@lvl=\count108
\tag@help=\toks17
\row@=\count109
\column@=\count110
\maxfields@=\count111
\andhelp@=\toks18
\eqnshift@=\dimen117
\alignsep@=\dimen118
\tagshift@=\dimen119
\tagwidth@=\dimen120
\totwidth@=\dimen121
\lineht@=\dimen122
\@envbody=\toks19
\multlinegap=\skip45
\multlinetaggap=\skip46
\mathdisplay@stack=\toks20
LaTeX Info: Redefining \[ on input line 2666.
LaTeX Info: Redefining \] on input line 2667.
)
("C:\Program Files (x86)\MiKTeX 2.9\tex\latex\graphics\graphicx.sty"
Package: graphicx 1999/02/16 v1.0f Enhanced LaTeX Graphics (DPC,SPQR)

("C:\Program Files (x86)\MiKTeX 2.9\tex\latex\graphics\graphics.sty"
Package: graphics 2009/02/05 v1.0o Standard LaTeX Graphics (DPC,SPQR)

("C:\Program Files (x86)\MiKTeX 2.9\tex\latex\graphics\trig.sty"
Package: trig 1999/03/16 v1.09 sin cos tan (DPC)
)
("C:\Program Files (x86)\MiKTeX 2.9\tex\latex\00miktex\graphics.cfg"
File: graphics.cfg 2007/01/18 v1.5 graphics configuration of teTeX/TeXLive
)
Package graphics Info: Driver file: pdftex.def on input line 91.

("C:\Program Files (x86)\MiKTeX 2.9\tex\latex\pdftex-def\pdftex.def"
File: pdftex.def 2011/05/27 v0.06d Graphics/color for pdfTeX
\Gread@gobject=\count112
))
\Gin@req@height=\dimen123
\Gin@req@width=\dimen124
)
("C:\Program Files (x86)\MiKTeX 2.9\tex\latex\oberdiek\epstopdf.sty"
Package: epstopdf 2010/02/09 v2.5 Conversion with epstopdf on the fly (HO)

("C:\Program Files (x86)\MiKTeX 2.9\tex\latex\oberdiek\epstopdf-base.sty"
Package: epstopdf-base 2010/02/09 v2.5 Base part for package epstopdf

("C:\Program Files (x86)\MiKTeX 2.9\tex\latex\oberdiek\grfext.sty"
Package: grfext 2010/08/19 v1.1 Managing graphics extensions (HO)
)
Package grfext Info: Graphics extension search list:
(grfext)             [.png,.pdf,.jpg,.mps,.jpeg,.jbig2,.jb2,.PNG,.PDF,.JPG,.JPE
G,.JBIG2,.JB2,.eps]
(grfext)             \AppendGraphicsExtensions on input line 452.
))
("C:\Program Files (x86)\MiKTeX 2.9\tex\latex\booktabs\booktabs.sty"
Package: booktabs 2005/04/14 v1.61803 publication quality tables
\heavyrulewidth=\dimen125
\lightrulewidth=\dimen126
\cmidrulewidth=\dimen127
\belowrulesep=\dimen128
\belowbottomsep=\dimen129
\aboverulesep=\dimen130
\abovetopsep=\dimen131
\cmidrulesep=\dimen132
\cmidrulekern=\dimen133
\defaultaddspace=\dimen134
\@cmidla=\count113
\@cmidlb=\count114
\@aboverulesep=\dimen135
\@belowrulesep=\dimen136
\@thisruleclass=\count115
\@lastruleclass=\count116
\@thisrulewidth=\dimen137
)
("C:\Program Files (x86)\MiKTeX 2.9\tex\latex\float\float.sty"
Package: float 2001/11/08 v1.3d Float enhancements (AL)
\c@float@type=\count117
\float@exts=\toks21
\float@box=\box28
\@float@everytoks=\toks22
\@floatcapt=\box29
)
("C:\Program Files (x86)\MiKTeX 2.9\tex\latex\caption\subcaption.sty"
Package: subcaption 2011/10/30 v1.1c Sub-captions (AR)

("C:\Program Files (x86)\MiKTeX 2.9\tex\latex\caption\caption.sty"
Package: caption 2011/11/10 v3.2e Customizing captions (AR)

("C:\Program Files (x86)\MiKTeX 2.9\tex\latex\caption\caption3.sty"
Package: caption3 2011/11/01 v1.4a caption3 kernel (AR)
\captionmargin=\dimen138
\captionmargin@=\dimen139
\captionwidth=\dimen140
\caption@indent=\dimen141
\caption@parindent=\dimen142
\caption@hangindent=\dimen143
)
\c@ContinuedFloat=\count118
Package caption Info: float package is loaded.
Package caption Info: hyperref package is loaded.
)
\c@subfigure=\count119
\c@subtable=\count120
)
(C:\Projects\PhD\Courses\SystemIdentification-SSY230\Projects\repo\SystemIdenti
fication\Project2\LatexCode\document.aux)
LaTeX Font Info:    Checking defaults for OML/cmm/m/it on input line 21.
LaTeX Font Info:    ... okay on input line 21.
LaTeX Font Info:    Checking defaults for T1/cmr/m/n on input line 21.
LaTeX Font Info:    ... okay on input line 21.
LaTeX Font Info:    Checking defaults for OT1/cmr/m/n on input line 21.
LaTeX Font Info:    ... okay on input line 21.
LaTeX Font Info:    Checking defaults for OMS/cmsy/m/n on input line 21.
LaTeX Font Info:    ... okay on input line 21.
LaTeX Font Info:    Checking defaults for OMX/cmex/m/n on input line 21.
LaTeX Font Info:    ... okay on input line 21.
LaTeX Font Info:    Checking defaults for U/cmr/m/n on input line 21.
LaTeX Font Info:    ... okay on input line 21.
LaTeX Font Info:    Checking defaults for PD1/pdf/m/n on input line 21.
LaTeX Font Info:    ... okay on input line 21.

*geometry* driver: auto-detecting
*geometry* detected driver: pdftex
*geometry* verbose mode - [ preamble ] result:
* driver: pdftex
* paper: a4paper
* layout: <same size as paper>
* layoutoffset:(h,v)=(0.0pt,0.0pt)
* modes: 
* h-part:(L,W,R)=(81.94394pt, 433.62pt, 81.94394pt)
* v-part:(T,H,B)=(48.93872pt, 722.7pt, 73.40813pt)
* \paperwidth=597.50787pt
* \paperheight=845.04684pt
* \textwidth=433.62pt
* \textheight=722.7pt
* \oddsidemargin=9.67395pt
* \evensidemargin=9.67395pt
* \topmargin=-60.33127pt
* \headheight=12.0pt
* \headsep=25.0pt
* \topskip=10.0pt
* \footskip=30.0pt
* \marginparwidth=65.0pt
* \marginparsep=11.0pt
* \columnsep=10.0pt
* \skip\footins=9.0pt plus 4.0pt minus 2.0pt
* \hoffset=0.0pt
* \voffset=0.0pt
* \mag=1000
* \@twocolumnfalse
* \@twosidefalse
* \@mparswitchfalse
* \@reversemarginfalse
* (1in=72.27pt=25.4mm, 1cm=28.453pt)

\AtBeginShipoutBox=\box30
Package hyperref Info: Link coloring OFF on input line 21.
("C:\Program Files (x86)\MiKTeX 2.9\tex\latex\hyperref\nameref.sty"
Package: nameref 2010/04/30 v2.40 Cross-referencing by name of section

("C:\Program Files (x86)\MiKTeX 2.9\tex\generic\oberdiek\gettitlestring.sty"
Package: gettitlestring 2010/12/03 v1.4 Cleanup title references (HO)
)
\c@section@level=\count121
)
LaTeX Info: Redefining \ref on input line 21.
LaTeX Info: Redefining \pageref on input line 21.
LaTeX Info: Redefining \nameref on input line 21.

(C:\Projects\PhD\Courses\SystemIdentification-SSY230\Projects\repo\SystemIdenti
fication\Project2\LatexCode\document.out)
(C:\Projects\PhD\Courses\SystemIdentification-SSY230\Projects\repo\SystemIdenti
fication\Project2\LatexCode\document.out)
\@outlinefile=\write3

("C:\Program Files (x86)\MiKTeX 2.9\tex\context\base\supp-pdf.mkii"
[Loading MPS to PDF converter (version 2006.09.02).]
\scratchcounter=\count122
\scratchdimen=\dimen144
\scratchbox=\box31
\nofMPsegments=\count123
\nofMParguments=\count124
\everyMPshowfont=\toks23
\MPscratchCnt=\count125
\MPscratchDim=\dimen145
\MPnumerator=\count126
\makeMPintoPDFobject=\count127
\everyMPtoPDFconversion=\toks24
)
Package caption Info: Begin \AtBeginDocument code.
Package caption Info: End \AtBeginDocument code.
 <figures/1b-pzmap.pdf, id=62, 597.23125pt x 845.1575pt>
File: figures/1b-pzmap.pdf Graphic file (type pdf)

<use figures/1b-pzmap.pdf>
Package pdftex.def Info: figures/1b-pzmap.pdf used on input line 57.
(pdftex.def)             Requested size: 11.27025pt x 155.96262pt.

<figures/1b-step.pdf, id=63, 597.23125pt x 845.1575pt>
File: figures/1b-step.pdf Graphic file (type pdf)

<use figures/1b-step.pdf>
Package pdftex.def Info: figures/1b-step.pdf used on input line 63.
(pdftex.def)             Requested size: 11.27025pt x 155.96262pt.
 [1

{C:/ProgramData/MiKTeX/2.9/pdftex/config/pdftex.map}] <figures/1d-horizon_1.pdf
, id=93, 597.23125pt x 845.1575pt>
File: figures/1d-horizon_1.pdf Graphic file (type pdf)

<use figures/1d-horizon_1.pdf>
Package pdftex.def Info: figures/1d-horizon_1.pdf used on input line 128.
(pdftex.def)             Requested size: 8.4529pt x 116.97493pt.

<figures/1d-horizon_5.pdf, id=94, 597.23125pt x 845.1575pt>
File: figures/1d-horizon_5.pdf Graphic file (type pdf)

<use figures/1d-horizon_5.pdf>
Package pdftex.def Info: figures/1d-horizon_5.pdf used on input line 134.
(pdftex.def)             Requested size: 8.4529pt x 116.97493pt.

<figures/1d-horizon_10.pdf, id=95, 597.23125pt x 845.1575pt>
File: figures/1d-horizon_10.pdf Graphic file (type pdf)

<use figures/1d-horizon_10.pdf>
Package pdftex.def Info: figures/1d-horizon_10.pdf used on input line 140.
(pdftex.def)             Requested size: 8.4529pt x 116.97493pt.
 [2 <C:/Projects/PhD/Courses/SystemIdentification-SSY230/Projects/repo/SystemId
entification/Project2/LatexCode/figures/1b-pzmap.pdf> <C:/Projects/PhD/Courses/
SystemIdentification-SSY230/Projects/repo/SystemIdentification/Project2/LatexCo
de/figures/1b-step.pdf>] [3 <C:/Projects/PhD/Courses/SystemIdentification-SSY23
0/Projects/repo/SystemIdentification/Project2/LatexCode/figures/1d-horizon_1.pd
f> <C:/Projects/PhD/Courses/SystemIdentification-SSY230/Projects/repo/SystemIde
ntification/Project2/LatexCode/figures/1d-horizon_5.pdf> <C:/Projects/PhD/Cours
es/SystemIdentification-SSY230/Projects/repo/SystemIdentification/Project2/Late
xCode/figures/1d-horizon_10.pdf>]
<figures/2e-ARX-horizon_1.pdf, id=193, 597.23125pt x 845.1575pt>
File: figures/2e-ARX-horizon_1.pdf Graphic file (type pdf)

<use figures/2e-ARX-horizon_1.pdf>
Package pdftex.def Info: figures/2e-ARX-horizon_1.pdf used on input line 196.
(pdftex.def)             Requested size: 11.27025pt x 155.96262pt.

<figures/2e-OE-horizon_1.pdf, id=194, 597.23125pt x 845.1575pt>
File: figures/2e-OE-horizon_1.pdf Graphic file (type pdf)

<use figures/2e-OE-horizon_1.pdf>
Package pdftex.def Info: figures/2e-OE-horizon_1.pdf used on input line 202.
(pdftex.def)             Requested size: 11.27025pt x 155.96262pt.

<figures/3-ARX-Ex1-idcompare.pdf, id=196, 597.23125pt x 845.1575pt>
File: figures/3-ARX-Ex1-idcompare.pdf Graphic file (type pdf)

<use figures/3-ARX-Ex1-idcompare.pdf>
Package pdftex.def Info: figures/3-ARX-Ex1-idcompare.pdf used on input line 219
.
(pdftex.def)             Requested size: 11.27025pt x 155.96262pt.

<figures/3-OE-Ex1-idcompare.pdf, id=197, 597.23125pt x 845.1575pt>
File: figures/3-OE-Ex1-idcompare.pdf Graphic file (type pdf)

<use figures/3-OE-Ex1-idcompare.pdf>
Package pdftex.def Info: figures/3-OE-Ex1-idcompare.pdf used on input line 225.

(pdftex.def)             Requested size: 11.27025pt x 155.96262pt.

<figures/3-ARX-Ex1.pdf, id=198, 597.23125pt x 845.1575pt>
File: figures/3-ARX-Ex1.pdf Graphic file (type pdf)

<use figures/3-ARX-Ex1.pdf>
Package pdftex.def Info: figures/3-ARX-Ex1.pdf used on input line 237.
(pdftex.def)             Requested size: 11.27025pt x 155.96262pt.

<figures/3-OE-Ex1.pdf, id=199, 597.23125pt x 845.1575pt>
File: figures/3-OE-Ex1.pdf Graphic file (type pdf)

<use figures/3-OE-Ex1.pdf>
Package pdftex.def Info: figures/3-OE-Ex1.pdf used on input line 243.
(pdftex.def)             Requested size: 11.27025pt x 155.96262pt.

<figures/3-ARX-Ex2-idcompare.pdf, id=200, 597.23125pt x 845.1575pt>
File: figures/3-ARX-Ex2-idcompare.pdf Graphic file (type pdf)

<use figures/3-ARX-Ex2-idcompare.pdf>
Package pdftex.def Info: figures/3-ARX-Ex2-idcompare.pdf used on input line 259
.
(pdftex.def)             Requested size: 11.27025pt x 155.96262pt.

<figures/3-OE-Ex2-idcompare.pdf, id=201, 597.23125pt x 845.1575pt>
File: figures/3-OE-Ex2-idcompare.pdf Graphic file (type pdf)

<use figures/3-OE-Ex2-idcompare.pdf>
Package pdftex.def Info: figures/3-OE-Ex2-idcompare.pdf used on input line 265.

(pdftex.def)             Requested size: 11.27025pt x 155.96262pt.

<figures/3-ARX-Ex2.pdf, id=202, 597.23125pt x 845.1575pt>
File: figures/3-ARX-Ex2.pdf Graphic file (type pdf)

<use figures/3-ARX-Ex2.pdf>
Package pdftex.def Info: figures/3-ARX-Ex2.pdf used on input line 277.
(pdftex.def)             Requested size: 11.27025pt x 155.96262pt.

<figures/3-OE-Ex2.pdf, id=203, 597.23125pt x 845.1575pt>
File: figures/3-OE-Ex2.pdf Graphic file (type pdf)

<use figures/3-OE-Ex2.pdf>
Package pdftex.def Info: figures/3-OE-Ex2.pdf used on input line 283.
(pdftex.def)             Requested size: 11.27025pt x 155.96262pt.
 [4 <C:/Projects/PhD/Courses/SystemIdentification-SSY230/Projects/repo/SystemId
entification/Project2/LatexCode/figures/2e-ARX-horizon_1.pdf> <C:/Projects/PhD/
Courses/SystemIdentification-SSY230/Projects/repo/SystemIdentification/Project2
/LatexCode/figures/2e-OE-horizon_1.pdf>]
<figures/3-ARX-Ex2-cancel_out.pdf, id=261, 597.23125pt x 845.1575pt>
File: figures/3-ARX-Ex2-cancel_out.pdf Graphic file (type pdf)

<use figures/3-ARX-Ex2-cancel_out.pdf>
Package pdftex.def Info: figures/3-ARX-Ex2-cancel_out.pdf used on input line 29
7.
(pdftex.def)             Requested size: 11.27025pt x 155.96262pt.

<figures/3-ARX-Ex2-idcompare-cancel_out.pdf, id=262, 597.23125pt x 845.1575pt>
File: figures/3-ARX-Ex2-idcompare-cancel_out.pdf Graphic file (type pdf)

<use figures/3-ARX-Ex2-idcompare-cancel_out.pdf>
Package pdftex.def Info: figures/3-ARX-Ex2-idcompare-cancel_out.pdf used on inp
ut line 302.
(pdftex.def)             Requested size: 11.27025pt x 155.96262pt.
Package atveryend Info: Empty hook `BeforeClearDocument' on input line 311.
 [5 <C:/Projects/PhD/Courses/SystemIdentification-SSY230/Projects/repo/SystemId
entification/Project2/LatexCode/figures/3-ARX-Ex1-idcompare.pdf> <C:/Projects/P
hD/Courses/SystemIdentification-SSY230/Projects/repo/SystemIdentification/Proje
ct2/LatexCode/figures/3-OE-Ex1-idcompare.pdf> <C:/Projects/PhD/Courses/SystemId
entification-SSY230/Projects/repo/SystemIdentification/Project2/LatexCode/figur
es/3-ARX-Ex1.pdf> <C:/Projects/PhD/Courses/SystemIdentification-SSY230/Projects
/repo/SystemIdentification/Project2/LatexCode/figures/3-OE-Ex1.pdf>] [6 <C:/Pro
jects/PhD/Courses/SystemIdentification-SSY230/Projects/repo/SystemIdentificatio
n/Project2/LatexCode/figures/3-ARX-Ex2-idcompare.pdf> <C:/Projects/PhD/Courses/
SystemIdentification-SSY230/Projects/repo/SystemIdentification/Project2/LatexCo
de/figures/3-OE-Ex2-idcompare.pdf> <C:/Projects/PhD/Courses/SystemIdentificatio
n-SSY230/Projects/repo/SystemIdentification/Project2/LatexCode/figures/3-ARX-Ex
2.pdf> <C:/Projects/PhD/Courses/SystemIdentification-SSY230/Projects/repo/Syste
mIdentification/Project2/LatexCode/figures/3-OE-Ex2.pdf> <C:/Projects/PhD/Cours
es/SystemIdentification-SSY230/Projects/repo/SystemIdentification/Project2/Late
xCode/figures/3-ARX-Ex2-cancel_out.pdf> <C:/Projects/PhD/Courses/SystemIdentifi
cation-SSY230/Projects/repo/SystemIdentification/Project2/LatexCode/figures/3-A
RX-Ex2-idcompare-cancel_out.pdf>]
Package atveryend Info: Empty hook `AfterLastShipout' on input line 311.

(C:\Projects\PhD\Courses\SystemIdentification-SSY230\Projects\repo\SystemIdenti
fication\Project2\LatexCode\document.aux)
Package atveryend Info: Executing hook `AtVeryEndDocument' on input line 311.
Package atveryend Info: Executing hook `AtEndAfterFileList' on input line 311.
Package rerunfilecheck Info: File `document.out' has not changed.
(rerunfilecheck)             Checksum: 06135343E73EBED81BA65DAC722267D5;911.
 ) 
Here is how much of TeX's memory you used:
 7244 strings out of 494045
 110973 string characters out of 3145969
 216226 words of memory out of 3000000
 10419 multiletter control sequences out of 15000+200000
 10610 words of font info for 38 fonts, out of 3000000 for 9000
 715 hyphenation exceptions out of 8191
 42i,9n,40p,633b,489s stack positions out of 5000i,500n,10000p,200000b,50000s
<C:/Program Files (x86)/MiKTeX 2.9/fonts/type1/public/amsfonts/cm/cmbx12.pfb>
<C:/Program Files (x86)/MiKTeX 2.9/fonts/type1/public/amsfonts/cm/cmex10.pfb><C
:/Program Files (x86)/MiKTeX 2.9/fonts/type1/public/amsfonts/cm/cmmi10.pfb><C:/
Program Files (x86)/MiKTeX 2.9/fonts/type1/public/amsfonts/cm/cmmi5.pfb><C:/Pro
gram Files (x86)/MiKTeX 2.9/fonts/type1/public/amsfonts/cm/cmmi7.pfb><C:/Progra
m Files (x86)/MiKTeX 2.9/fonts/type1/public/amsfonts/cm/cmr10.pfb><C:/Program F
iles (x86)/MiKTeX 2.9/fonts/type1/public/amsfonts/cm/cmr12.pfb><C:/Program File
s (x86)/MiKTeX 2.9/fonts/type1/public/amsfonts/cm/cmr17.pfb><C:/Program Files (
x86)/MiKTeX 2.9/fonts/type1/public/amsfonts/cm/cmr5.pfb><C:/Program Files (x86)
/MiKTeX 2.9/fonts/type1/public/amsfonts/cm/cmr7.pfb><C:/Program Files (x86)/MiK
TeX 2.9/fonts/type1/public/amsfonts/cm/cmr9.pfb><C:/Program Files (x86)/MiKTeX 
2.9/fonts/type1/public/amsfonts/cm/cmss8.pfb><C:/Program Files (x86)/MiKTeX 2.9
/fonts/type1/public/amsfonts/cm/cmsy10.pfb><C:/Program Files (x86)/MiKTeX 2.9/f
onts/type1/public/amsfonts/cm/cmsy7.pfb><C:/Program Files (x86)/MiKTeX 2.9/font
s/type1/public/amsfonts/cm/cmti10.pfb><C:/Program Files (x86)/MiKTeX 2.9/fonts/
type1/public/amsfonts/cm/cmti9.pfb>
Output written on document.pdf (6 pages, 387052 bytes).
PDF statistics:
 464 PDF objects out of 1000 (max. 8388607)
 45 named destinations out of 1000 (max. 500000)
 198 words of extra memory for PDF output out of 10000 (max. 10000000)

